Scanning files...
Scanning interface from _build/default/tests/reftests/.run.eobjs/byte/dune__exe__Run.cmti
Scanning implementation from _build/default/tests/reftests/.run.eobjs/byte/dune__exe__Run.cmt
Scanning interface from _build/default/tests/reftests/.root_version.eobjs/byte/dune__exe__Root_version.cmt
Scanning implementation from _build/default/tests/reftests/.root_version.eobjs/byte/dune__exe__Root_version.cmt
Scanning interface from _build/default/tests/reftests/.gen.eobjs/byte/dune__exe__Gen.cmti
Scanning implementation from _build/default/tests/reftests/.gen.eobjs/byte/dune__exe__Gen.cmt
Scanning interface from _build/default/tests/lib/.patcher.eobjs/byte/dune__exe__Patcher.cmt
Scanning implementation from _build/default/tests/lib/.patcher.eobjs/byte/dune__exe__Patcher.cmt
Scanning interface from _build/default/tests/lib/.patchDiff.eobjs/byte/dune__exe__PatchDiff.cmt
Scanning implementation from _build/default/tests/lib/.patchDiff.eobjs/byte/dune__exe__PatchDiff.cmt
Scanning interface from _build/default/tests/lib/.TypeGymnastics.eobjs/byte/dune__exe__TypeGymnastics.cmti
Scanning implementation from _build/default/tests/lib/.TypeGymnastics.eobjs/byte/dune__exe__TypeGymnastics.cmt
Scanning interface from _build/default/tests/bench/.bench.eobjs/byte/dune__exe__Bench.cmt
Scanning implementation from _build/default/tests/bench/.bench.eobjs/byte/dune__exe__Bench.cmt
Scanning interface from _build/default/src/tools/.opam_installer.eobjs/byte/dune__exe__Opam_installer.cmti
Scanning implementation from _build/default/src/tools/.opam_installer.eobjs/byte/dune__exe__Opam_installer.cmt
Scanning interface from _build/default/src/tools/.opam_admin_topstart.eobjs/byte/dune__exe__Opam_admin_topstart.cmt
Scanning implementation from _build/default/src/tools/.opam_admin_topstart.eobjs/byte/dune__exe__Opam_admin_topstart.cmt
Scanning interface from _build/default/src/tools/.opam_admin_top.objs/byte/opam_admin_top.cmti
Scanning implementation from _build/default/src/tools/.opam_admin_top.objs/byte/opam_admin_top.cmt
Scanning interface from _build/default/src/state/.opam_state.objs/byte/opamUpdate.cmti
Scanning implementation from _build/default/src/state/.opam_state.objs/byte/opamUpdate.cmt
Scanning interface from _build/default/src/state/.opam_state.objs/byte/opamSysPoll.cmti
Scanning implementation from _build/default/src/state/.opam_state.objs/byte/opamSysPoll.cmt
Scanning interface from _build/default/src/state/.opam_state.objs/byte/opamSysInteract.cmti
Scanning implementation from _build/default/src/state/.opam_state.objs/byte/opamSysInteract.cmt
Scanning interface from _build/default/src/state/.opam_state.objs/byte/opamSwitchState.cmti
Scanning implementation from _build/default/src/state/.opam_state.objs/byte/opamSwitchState.cmt
Scanning interface from _build/default/src/state/.opam_state.objs/byte/opamSwitchAction.cmti
Scanning implementation from _build/default/src/state/.opam_state.objs/byte/opamSwitchAction.cmt
Scanning interface from _build/default/src/state/.opam_state.objs/byte/opamStateTypes.cmti
Scanning interface from _build/default/src/state/.opam_state.objs/byte/opamStateConfig.cmti
Scanning implementation from _build/default/src/state/.opam_state.objs/byte/opamStateConfig.cmt
Scanning interface from _build/default/src/state/.opam_state.objs/byte/opamScript.cmti
Scanning implementation from _build/default/src/state/.opam_state.objs/byte/opamScript.cmt
Scanning interface from _build/default/src/state/.opam_state.objs/byte/opamRepositoryState.cmti
Scanning implementation from _build/default/src/state/.opam_state.objs/byte/opamRepositoryState.cmt
Scanning interface from _build/default/src/state/.opam_state.objs/byte/opamPinned.cmti
Scanning implementation from _build/default/src/state/.opam_state.objs/byte/opamPinned.cmt
Scanning interface from _build/default/src/state/.opam_state.objs/byte/opamPackageVar.cmti
Scanning implementation from _build/default/src/state/.opam_state.objs/byte/opamPackageVar.cmt
Scanning interface from _build/default/src/state/.opam_state.objs/byte/opamGlobalState.cmti
Scanning implementation from _build/default/src/state/.opam_state.objs/byte/opamGlobalState.cmt
Scanning interface from _build/default/src/state/.opam_state.objs/byte/opamFormatUpgrade.cmti
Scanning implementation from _build/default/src/state/.opam_state.objs/byte/opamFormatUpgrade.cmt
Scanning interface from _build/default/src/state/.opam_state.objs/byte/opamFileTools.cmti
Scanning implementation from _build/default/src/state/.opam_state.objs/byte/opamFileTools.cmt
Scanning interface from _build/default/src/state/.opam_state.objs/byte/opamEnv.cmti
Scanning implementation from _build/default/src/state/.opam_state.objs/byte/opamEnv.cmt
Scanning interface from _build/default/src/state/.opam_state.objs/byte/opamEmbeddedCygwinSetup.cmti
Scanning implementation from _build/default/src/state/.opam_state.objs/byte/opamEmbeddedCygwinSetup.cmt
Scanning interface from _build/default/src/solver/.opam_solver.objs/byte/opamSolverConfig.cmti
Scanning implementation from _build/default/src/solver/.opam_solver.objs/byte/opamSolverConfig.cmt
Scanning interface from _build/default/src/solver/.opam_solver.objs/byte/opamSolver.cmti
Scanning implementation from _build/default/src/solver/.opam_solver.objs/byte/opamSolver.cmt
Scanning interface from _build/default/src/solver/.opam_solver.objs/byte/opamCudfSolverSig.cmti
Scanning implementation from _build/default/src/solver/.opam_solver.objs/byte/opamCudfSolverSig.cmt
Scanning interface from _build/default/src/solver/.opam_solver.objs/byte/opamCudfSolver.cmti
Scanning implementation from _build/default/src/solver/.opam_solver.objs/byte/opamCudfSolver.cmt
Scanning interface from _build/default/src/solver/.opam_solver.objs/byte/opamCudfCriteria.cmti
Scanning implementation from _build/default/src/solver/.opam_solver.objs/byte/opamCudfCriteria.cmt
Scanning interface from _build/default/src/solver/.opam_solver.objs/byte/opamCudf.cmti
Scanning implementation from _build/default/src/solver/.opam_solver.objs/byte/opamCudf.cmt
Scanning interface from _build/default/src/solver/.opam_solver.objs/byte/opamBuiltinZ3.cmti
Scanning implementation from _build/default/src/solver/.opam_solver.objs/byte/opamBuiltinZ3.cmt
Scanning interface from _build/default/src/solver/.opam_solver.objs/byte/opamBuiltinMccs.cmti
Scanning implementation from _build/default/src/solver/.opam_solver.objs/byte/opamBuiltinMccs.cmt
Scanning interface from _build/default/src/solver/.opam_solver.objs/byte/opamBuiltin0install.cmti
Scanning implementation from _build/default/src/solver/.opam_solver.objs/byte/opamBuiltin0install.cmt
Scanning interface from _build/default/src/solver/.opam_solver.objs/byte/opamActionGraph.cmti
Scanning implementation from _build/default/src/solver/.opam_solver.objs/byte/opamActionGraph.cmt
Scanning interface from _build/default/src/repository/.opam_repository.objs/byte/opamVCS.cmti
Scanning implementation from _build/default/src/repository/.opam_repository.objs/byte/opamVCS.cmt
Scanning interface from _build/default/src/repository/.opam_repository.objs/byte/opamRepositoryPath.cmti
Scanning implementation from _build/default/src/repository/.opam_repository.objs/byte/opamRepositoryPath.cmt
Scanning interface from _build/default/src/repository/.opam_repository.objs/byte/opamRepositoryConfig.cmti
Scanning implementation from _build/default/src/repository/.opam_repository.objs/byte/opamRepositoryConfig.cmt
Scanning interface from _build/default/src/repository/.opam_repository.objs/byte/opamRepositoryBackend.cmti
Scanning implementation from _build/default/src/repository/.opam_repository.objs/byte/opamRepositoryBackend.cmt
Scanning interface from _build/default/src/repository/.opam_repository.objs/byte/opamRepository.cmti
Scanning implementation from _build/default/src/repository/.opam_repository.objs/byte/opamRepository.cmt
Scanning interface from _build/default/src/repository/.opam_repository.objs/byte/opamLocal.cmti
Scanning implementation from _build/default/src/repository/.opam_repository.objs/byte/opamLocal.cmt
Scanning interface from _build/default/src/repository/.opam_repository.objs/byte/opamHg.cmti
Scanning implementation from _build/default/src/repository/.opam_repository.objs/byte/opamHg.cmt
Scanning interface from _build/default/src/repository/.opam_repository.objs/byte/opamHTTP.cmti
Scanning implementation from _build/default/src/repository/.opam_repository.objs/byte/opamHTTP.cmt
Scanning interface from _build/default/src/repository/.opam_repository.objs/byte/opamGit.cmti
Scanning implementation from _build/default/src/repository/.opam_repository.objs/byte/opamGit.cmt
Scanning interface from _build/default/src/repository/.opam_repository.objs/byte/opamDownload.cmti
Scanning implementation from _build/default/src/repository/.opam_repository.objs/byte/opamDownload.cmt
Scanning interface from _build/default/src/repository/.opam_repository.objs/byte/opamDarcs.cmti
Scanning implementation from _build/default/src/repository/.opam_repository.objs/byte/opamDarcs.cmt
Scanning interface from _build/default/src/format/.opam_format.objs/byte/opamVariable.cmti
Scanning implementation from _build/default/src/format/.opam_format.objs/byte/opamVariable.cmt
Scanning interface from _build/default/src/format/.opam_format.objs/byte/opamTypesBase.cmti
Scanning implementation from _build/default/src/format/.opam_format.objs/byte/opamTypesBase.cmt
Scanning interface from _build/default/src/format/.opam_format.objs/byte/opamTypes.cmti
Scanning interface from _build/default/src/format/.opam_format.objs/byte/opamSysPkg.cmti
Scanning implementation from _build/default/src/format/.opam_format.objs/byte/opamSysPkg.cmt
Scanning interface from _build/default/src/format/.opam_format.objs/byte/opamSwitch.cmti
Scanning implementation from _build/default/src/format/.opam_format.objs/byte/opamSwitch.cmt
Scanning interface from _build/default/src/format/.opam_format.objs/byte/opamRepositoryName.cmti
Scanning implementation from _build/default/src/format/.opam_format.objs/byte/opamRepositoryName.cmt
Scanning interface from _build/default/src/format/.opam_format.objs/byte/opamPp.cmti
Scanning implementation from _build/default/src/format/.opam_format.objs/byte/opamPp.cmt
Scanning interface from _build/default/src/format/.opam_format.objs/byte/opamPath.cmti
Scanning implementation from _build/default/src/format/.opam_format.objs/byte/opamPath.cmt
Scanning interface from _build/default/src/format/.opam_format.objs/byte/opamPackage.cmti
Scanning implementation from _build/default/src/format/.opam_format.objs/byte/opamPackage.cmt
Scanning interface from _build/default/src/format/.opam_format.objs/byte/opamLineLexer.cmti
Scanning implementation from _build/default/src/format/.opam_format.objs/byte/opamLineLexer.cmt
Scanning interface from _build/default/src/format/.opam_format.objs/byte/opamInterpLexer.cmti
Scanning implementation from _build/default/src/format/.opam_format.objs/byte/opamInterpLexer.cmt
Scanning interface from _build/default/src/format/.opam_format.objs/byte/opamFormula.cmti
Scanning implementation from _build/default/src/format/.opam_format.objs/byte/opamFormula.cmt
Scanning interface from _build/default/src/format/.opam_format.objs/byte/opamFormatConfig.cmti
Scanning implementation from _build/default/src/format/.opam_format.objs/byte/opamFormatConfig.cmt
Scanning interface from _build/default/src/format/.opam_format.objs/byte/opamFormat.cmti
Scanning implementation from _build/default/src/format/.opam_format.objs/byte/opamFormat.cmt
Scanning interface from _build/default/src/format/.opam_format.objs/byte/opamFilter.cmti
Scanning implementation from _build/default/src/format/.opam_format.objs/byte/opamFilter.cmt
Scanning interface from _build/default/src/format/.opam_format.objs/byte/opamFile.cmti
Scanning implementation from _build/default/src/format/.opam_format.objs/byte/opamFile.cmt
Scanning interface from _build/default/src/core/cmdliner/.opamCmdliner.objs/byte/opamCmdliner__Cmdliner_trie.cmti
Scanning implementation from _build/default/src/core/cmdliner/.opamCmdliner.objs/byte/opamCmdliner__Cmdliner_trie.cmt
Scanning interface from _build/default/src/core/cmdliner/.opamCmdliner.objs/byte/opamCmdliner__Cmdliner_term_deprecated.cmt
Scanning implementation from _build/default/src/core/cmdliner/.opamCmdliner.objs/byte/opamCmdliner__Cmdliner_term_deprecated.cmt
Scanning interface from _build/default/src/core/cmdliner/.opamCmdliner.objs/byte/opamCmdliner__Cmdliner_term.cmti
Scanning implementation from _build/default/src/core/cmdliner/.opamCmdliner.objs/byte/opamCmdliner__Cmdliner_term.cmt
Scanning interface from _build/default/src/core/cmdliner/.opamCmdliner.objs/byte/opamCmdliner__Cmdliner_msg.cmti
Scanning implementation from _build/default/src/core/cmdliner/.opamCmdliner.objs/byte/opamCmdliner__Cmdliner_msg.cmt
Scanning interface from _build/default/src/core/cmdliner/.opamCmdliner.objs/byte/opamCmdliner__Cmdliner_manpage.cmti
Scanning implementation from _build/default/src/core/cmdliner/.opamCmdliner.objs/byte/opamCmdliner__Cmdliner_manpage.cmt
Scanning interface from _build/default/src/core/cmdliner/.opamCmdliner.objs/byte/opamCmdliner__Cmdliner_info.cmti
Scanning implementation from _build/default/src/core/cmdliner/.opamCmdliner.objs/byte/opamCmdliner__Cmdliner_info.cmt
Scanning interface from _build/default/src/core/cmdliner/.opamCmdliner.objs/byte/opamCmdliner__Cmdliner_eval.cmti
Scanning implementation from _build/default/src/core/cmdliner/.opamCmdliner.objs/byte/opamCmdliner__Cmdliner_eval.cmt
Scanning interface from _build/default/src/core/cmdliner/.opamCmdliner.objs/byte/opamCmdliner__Cmdliner_docgen.cmti
Scanning implementation from _build/default/src/core/cmdliner/.opamCmdliner.objs/byte/opamCmdliner__Cmdliner_docgen.cmt
Scanning interface from _build/default/src/core/cmdliner/.opamCmdliner.objs/byte/opamCmdliner__Cmdliner_cmd.cmti
Scanning implementation from _build/default/src/core/cmdliner/.opamCmdliner.objs/byte/opamCmdliner__Cmdliner_cmd.cmt
Scanning interface from _build/default/src/core/cmdliner/.opamCmdliner.objs/byte/opamCmdliner__Cmdliner_cline.cmti
Scanning implementation from _build/default/src/core/cmdliner/.opamCmdliner.objs/byte/opamCmdliner__Cmdliner_cline.cmt
Scanning interface from _build/default/src/core/cmdliner/.opamCmdliner.objs/byte/opamCmdliner__Cmdliner_base.cmti
Scanning implementation from _build/default/src/core/cmdliner/.opamCmdliner.objs/byte/opamCmdliner__Cmdliner_base.cmt
Scanning interface from _build/default/src/core/cmdliner/.opamCmdliner.objs/byte/opamCmdliner__Cmdliner_arg.cmti
Scanning implementation from _build/default/src/core/cmdliner/.opamCmdliner.objs/byte/opamCmdliner__Cmdliner_arg.cmt
Scanning interface from _build/default/src/core/cmdliner/.opamCmdliner.objs/byte/opamCmdliner__.cmt
Scanning implementation from _build/default/src/core/cmdliner/.opamCmdliner.objs/byte/opamCmdliner__.cmt
Scanning interface from _build/default/src/core/cmdliner/.opamCmdliner.objs/byte/opamCmdliner.cmti
Scanning implementation from _build/default/src/core/cmdliner/.opamCmdliner.objs/byte/opamCmdliner.cmt
Scanning interface from _build/default/src/core/.opam_core.objs/byte/opamVersionInfo.cmti
Scanning implementation from _build/default/src/core/.opam_core.objs/byte/opamVersionInfo.cmt
Scanning interface from _build/default/src/core/.opam_core.objs/byte/opamVersionCompare.cmti
Scanning implementation from _build/default/src/core/.opam_core.objs/byte/opamVersionCompare.cmt
Scanning interface from _build/default/src/core/.opam_core.objs/byte/opamVersion.cmti
Scanning implementation from _build/default/src/core/.opam_core.objs/byte/opamVersion.cmt
Scanning interface from _build/default/src/core/.opam_core.objs/byte/opamUrl.cmti
Scanning implementation from _build/default/src/core/.opam_core.objs/byte/opamUrl.cmt
Scanning interface from _build/default/src/core/.opam_core.objs/byte/opamSystem.cmti
Scanning implementation from _build/default/src/core/.opam_core.objs/byte/opamSystem.cmt
Scanning interface from _build/default/src/core/.opam_core.objs/byte/opamStubsTypes.cmti
Scanning implementation from _build/default/src/core/.opam_core.objs/byte/opamStubsTypes.cmt
Scanning interface from _build/default/src/core/.opam_core.objs/byte/opamStubs.cmti
Scanning implementation from _build/default/src/core/.opam_core.objs/byte/opamStubs.cmt
Scanning interface from _build/default/src/core/.opam_core.objs/byte/opamStd.cmti
Scanning implementation from _build/default/src/core/.opam_core.objs/byte/opamStd.cmt
Scanning interface from _build/default/src/core/.opam_core.objs/byte/opamShellCommand.cmti
Scanning implementation from _build/default/src/core/.opam_core.objs/byte/opamShellCommand.cmt
Scanning interface from _build/default/src/core/.opam_core.objs/byte/opamSWHID.cmti
Scanning implementation from _build/default/src/core/.opam_core.objs/byte/opamSWHID.cmt
Scanning interface from _build/default/src/core/.opam_core.objs/byte/opamSHA.cmti
Scanning implementation from _build/default/src/core/.opam_core.objs/byte/opamSHA.cmt
Scanning interface from _build/default/src/core/.opam_core.objs/byte/opamProcess.cmti
Scanning implementation from _build/default/src/core/.opam_core.objs/byte/opamProcess.cmt
Scanning interface from _build/default/src/core/.opam_core.objs/byte/opamParallel.cmti
Scanning implementation from _build/default/src/core/.opam_core.objs/byte/opamParallel.cmt
Scanning interface from _build/default/src/core/.opam_core.objs/byte/opamJson.cmti
Scanning implementation from _build/default/src/core/.opam_core.objs/byte/opamJson.cmt
Scanning interface from _build/default/src/core/.opam_core.objs/byte/opamHash.cmti
Scanning implementation from _build/default/src/core/.opam_core.objs/byte/opamHash.cmt
Scanning interface from _build/default/src/core/.opam_core.objs/byte/opamFilename.cmti
Scanning implementation from _build/default/src/core/.opam_core.objs/byte/opamFilename.cmt
Scanning interface from _build/default/src/core/.opam_core.objs/byte/opamDirTrack.cmti
Scanning implementation from _build/default/src/core/.opam_core.objs/byte/opamDirTrack.cmt
Scanning interface from _build/default/src/core/.opam_core.objs/byte/opamCoreConfigDeveloper.cmti
Scanning implementation from _build/default/src/core/.opam_core.objs/byte/opamCoreConfigDeveloper.cmt
Scanning interface from _build/default/src/core/.opam_core.objs/byte/opamCoreConfig.cmti
Scanning implementation from _build/default/src/core/.opam_core.objs/byte/opamCoreConfig.cmt
Scanning interface from _build/default/src/core/.opam_core.objs/byte/opamConsole.cmti
Scanning implementation from _build/default/src/core/.opam_core.objs/byte/opamConsole.cmt
Scanning interface from _build/default/src/core/.opam_core.objs/byte/opamCompat.cmti
Scanning implementation from _build/default/src/core/.opam_core.objs/byte/opamCompat.cmt
Scanning interface from _build/default/src/core/.opam_core.objs/byte/opamCached.cmti
Scanning implementation from _build/default/src/core/.opam_core.objs/byte/opamCached.cmt
Scanning interface from _build/default/src/client/.opam_client.objs/byte/opamTreeCommand.cmti
Scanning implementation from _build/default/src/client/.opam_client.objs/byte/opamTreeCommand.cmt
Scanning interface from _build/default/src/client/.opam_client.objs/byte/opamSwitchCommand.cmti
Scanning implementation from _build/default/src/client/.opam_client.objs/byte/opamSwitchCommand.cmt
Scanning interface from _build/default/src/client/.opam_client.objs/byte/opamSolution.cmti
Scanning implementation from _build/default/src/client/.opam_client.objs/byte/opamSolution.cmt
Scanning interface from _build/default/src/client/.opam_client.objs/byte/opamRepositoryCommand.cmti
Scanning implementation from _build/default/src/client/.opam_client.objs/byte/opamRepositoryCommand.cmt
Scanning interface from _build/default/src/client/.opam_client.objs/byte/opamPinCommand.cmti
Scanning implementation from _build/default/src/client/.opam_client.objs/byte/opamPinCommand.cmt
Scanning interface from _build/default/src/client/.opam_client.objs/byte/opamLockCommand.cmti
Scanning implementation from _build/default/src/client/.opam_client.objs/byte/opamLockCommand.cmt
Scanning interface from _build/default/src/client/.opam_client.objs/byte/opamListCommand.cmti
Scanning implementation from _build/default/src/client/.opam_client.objs/byte/opamListCommand.cmt
Scanning interface from _build/default/src/client/.opam_client.objs/byte/opamInitDefaults.cmti
Scanning implementation from _build/default/src/client/.opam_client.objs/byte/opamInitDefaults.cmt
Scanning interface from _build/default/src/client/.opam_client.objs/byte/opamGitVersion.cmti
Scanning implementation from _build/default/src/client/.opam_client.objs/byte/opamGitVersion.cmt
Scanning interface from _build/default/src/client/.opam_client.objs/byte/opamConfigCommand.cmti
Scanning implementation from _build/default/src/client/.opam_client.objs/byte/opamConfigCommand.cmt
Scanning interface from _build/default/src/client/.opam_client.objs/byte/opamCommands.cmti
Scanning implementation from _build/default/src/client/.opam_client.objs/byte/opamCommands.cmt
Scanning interface from _build/default/src/client/.opam_client.objs/byte/opamClientConfig.cmti
Scanning implementation from _build/default/src/client/.opam_client.objs/byte/opamClientConfig.cmt
Scanning interface from _build/default/src/client/.opam_client.objs/byte/opamClient.cmti
Scanning implementation from _build/default/src/client/.opam_client.objs/byte/opamClient.cmt
Scanning interface from _build/default/src/client/.opam_client.objs/byte/opamCliMain.cmti
Scanning implementation from _build/default/src/client/.opam_client.objs/byte/opamCliMain.cmt
Scanning interface from _build/default/src/client/.opam_client.objs/byte/opamCLIVersion.cmti
Scanning implementation from _build/default/src/client/.opam_client.objs/byte/opamCLIVersion.cmt
Scanning interface from _build/default/src/client/.opam_client.objs/byte/opamAuxCommands.cmti
Scanning implementation from _build/default/src/client/.opam_client.objs/byte/opamAuxCommands.cmt
Scanning interface from _build/default/src/client/.opam_client.objs/byte/opamArgTools.cmti
Scanning implementation from _build/default/src/client/.opam_client.objs/byte/opamArgTools.cmt
Scanning interface from _build/default/src/client/.opam_client.objs/byte/opamArg.cmti
Scanning implementation from _build/default/src/client/.opam_client.objs/byte/opamArg.cmt
Scanning interface from _build/default/src/client/.opam_client.objs/byte/opamAdminRepoUpgrade.cmti
Scanning implementation from _build/default/src/client/.opam_client.objs/byte/opamAdminRepoUpgrade.cmt
Scanning interface from _build/default/src/client/.opam_client.objs/byte/opamAdminCommand.cmti
Scanning implementation from _build/default/src/client/.opam_client.objs/byte/opamAdminCommand.cmt
Scanning interface from _build/default/src/client/.opam_client.objs/byte/opamAdminCheck.cmti
Scanning implementation from _build/default/src/client/.opam_client.objs/byte/opamAdminCheck.cmt
Scanning interface from _build/default/src/client/.opam_client.objs/byte/opamAction.cmti
Scanning implementation from _build/default/src/client/.opam_client.objs/byte/opamAction.cmt
Scanning interface from _build/default/src/client/.opamMain.eobjs/byte/dune__exe__OpamMain.cmti
Scanning implementation from _build/default/src/client/.opamMain.eobjs/byte/dune__exe__OpamMain.cmt
Scanning interface from _build/default/doc/man/.dune_man.eobjs/byte/dune__exe__Dune_man.cmt
Scanning implementation from _build/default/doc/man/.dune_man.eobjs/byte/dune__exe__Dune_man.cmt
Scanning interface from _build/default/doc/man/.dune_man.eobjs/byte/dune__exe__Check_local_build.cmt
Scanning implementation from _build/default/doc/man/.dune_man.eobjs/byte/dune__exe__Check_local_build.cmt
Scanning interface from _build/default/doc/man/.dune_man.eobjs/byte/dune__exe.cmt
Scanning implementation from _build/default/doc/man/.dune_man.eobjs/byte/dune__exe.cmt
 [DONE]

